  Game.cpp
C:\Митя\Art\Programming\Projects\Study\Ping Pong SFML\Game.cpp(27,39): warning C4244: 'argument': conversion from 'unsigned int' to 'float', possible loss of data
  main.cpp
  Generating Code...
Game.obj : error LNK2019: unresolved external symbol "__declspec(dllimport) public: float __cdecl sf::Time::asSeconds(void)const " (__imp_?asSeconds@Time@sf@@QEBAMXZ) referenced in function "public: void __cdecl Game::update(void)" (?update@Game@@QEAAXXZ)
Game.obj : error LNK2019: unresolved external symbol "__declspec(dllimport) public: __cdecl sf::Clock::Clock(void)" (__imp_??0Clock@sf@@QEAA@XZ) referenced in function "public: __cdecl Game::Game(void)" (??0Game@@QEAA@XZ)
Game.obj : error LNK2019: unresolved external symbol "__declspec(dllimport) public: class sf::Time __cdecl sf::Clock::restart(void)" (__imp_?restart@Clock@sf@@QEAA?AVTime@2@XZ) referenced in function "public: void __cdecl Game::update(void)" (?update@Game@@QEAAXXZ)
Game.obj : error LNK2019: unresolved external symbol "__declspec(dllimport) public: __cdecl sf::String::String(char const *,class std::locale const &)" (__imp_??0String@sf@@QEAA@PEBDAEBVlocale@std@@@Z) referenced in function "private: void __cdecl Game::initWindow(void)" (?initWindow@Game@@AEAAXXZ)
Game.obj : error LNK2019: unresolved external symbol "__declspec(dllimport) public: __cdecl sf::String::~String(void)" (__imp_??1String@sf@@QEAA@XZ) referenced in function "private: void __cdecl Game::initWindow(void)" (?initWindow@Game@@AEAAXXZ)
Game.obj : error LNK2019: unresolved external symbol "__declspec(dllimport) public: static bool __cdecl sf::Keyboard::isKeyPressed(enum sf::Keyboard::Key)" (__imp_?isKeyPressed@Keyboard@sf@@SA_NW4Key@12@@Z) referenced in function "private: void __cdecl Game::keyBoardInput(void)" (?keyBoardInput@Game@@AEAAXXZ)
Game.obj : error LNK2019: unresolved external symbol "__declspec(dllimport) public: __cdecl sf::VideoMode::VideoMode(void)" (__imp_??0VideoMode@sf@@QEAA@XZ) referenced in function "public: __cdecl Game::Game(void)" (??0Game@@QEAA@XZ)
Game.obj : error LNK2019: unresolved external symbol "__declspec(dllimport) public: bool __cdecl sf::WindowBase::isOpen(void)const " (__imp_?isOpen@WindowBase@sf@@QEBA_NXZ) referenced in function "public: bool const __cdecl Game::isRunning(void)const " (?isRunning@Game@@QEBA?B_NXZ)
Game.obj : error LNK2019: unresolved external symbol "__declspec(dllimport) public: bool __cdecl sf::WindowBase::pollEvent(class sf::Event &)" (__imp_?pollEvent@WindowBase@sf@@QEAA_NAEAVEvent@2@@Z) referenced in function "public: void __cdecl Game::updateEvents(float)" (?updateEvents@Game@@QEAAXM@Z)
Game.obj : error LNK2019: unresolved external symbol "__declspec(dllimport) public: void __cdecl sf::Window::setFramerateLimit(unsigned int)" (__imp_?setFramerateLimit@Window@sf@@QEAAXI@Z) referenced in function "private: void __cdecl Game::initWindow(void)" (?initWindow@Game@@AEAAXXZ)
Game.obj : error LNK2019: unresolved external symbol "__declspec(dllimport) public: void __cdecl sf::Window::display(void)" (__imp_?display@Window@sf@@QEAAXXZ) referenced in function "public: void __cdecl Game::render(void)" (?render@Game@@QEAAXXZ)
Game.obj : error LNK2019: unresolved external symbol "__declspec(dllimport) public: void __cdecl sf::Transformable::setPosition(float,float)" (__imp_?setPosition@Transformable@sf@@QEAAXMM@Z) referenced in function "private: void __cdecl Game::initWindow(void)" (?initWindow@Game@@AEAAXXZ)
Game.obj : error LNK2019: unresolved external symbol "__declspec(dllimport) public: void __cdecl sf::Transformable::setPosition(class sf::Vector2<float> const &)" (__imp_?setPosition@Transformable@sf@@QEAAXAEBV?$Vector2@M@2@@Z) referenced in function "private: void __cdecl Game::initWindow(void)" (?initWindow@Game@@AEAAXXZ)
Game.obj : error LNK2019: unresolved external symbol "__declspec(dllimport) public: void __cdecl sf::Transformable::setOrigin(float,float)" (__imp_?setOrigin@Transformable@sf@@QEAAXMM@Z) referenced in function "private: void __cdecl Game::initWindow(void)" (?initWindow@Game@@AEAAXXZ)
Game.obj : error LNK2019: unresolved external symbol "__declspec(dllimport) public: __cdecl sf::Color::Color(unsigned char,unsigned char,unsigned char,unsigned char)" (__imp_??0Color@sf@@QEAA@EEEE@Z) referenced in function "private: void __cdecl Game::initWindow(void)" (?initWindow@Game@@AEAAXXZ)
Game.obj : error LNK2019: unresolved external symbol "__declspec(dllimport) public: void __cdecl sf::Shape::setFillColor(class sf::Color const &)" (__imp_?setFillColor@Shape@sf@@QEAAXAEBVColor@2@@Z) referenced in function "private: void __cdecl Game::initWindow(void)" (?initWindow@Game@@AEAAXXZ)
Game.obj : error LNK2019: unresolved external symbol "__declspec(dllimport) public: void __cdecl sf::Shape::setOutlineColor(class sf::Color const &)" (__imp_?setOutlineColor@Shape@sf@@QEAAXAEBVColor@2@@Z) referenced in function "private: void __cdecl Game::initWindow(void)" (?initWindow@Game@@AEAAXXZ)
Game.obj : error LNK2019: unresolved external symbol "__declspec(dllimport) public: void __cdecl sf::Shape::setOutlineThickness(float)" (__imp_?setOutlineThickness@Shape@sf@@QEAAXM@Z) referenced in function "private: void __cdecl Game::initWindow(void)" (?initWindow@Game@@AEAAXXZ)
Game.obj : error LNK2019: unresolved external symbol "__declspec(dllimport) public: __cdecl sf::Font::Font(void)" (__imp_??0Font@sf@@QEAA@XZ) referenced in function "public: __cdecl Game::Game(void)" (??0Game@@QEAA@XZ)
Game.obj : error LNK2019: unresolved external symbol "__declspec(dllimport) public: __cdecl sf::Font::~Font(void)" (__imp_??1Font@sf@@QEAA@XZ) referenced in function "int `public: __cdecl Game::Game(void)'::`1'::dtor$4" (?dtor$4@?0???0Game@@QEAA@XZ@4HA)
Game.obj : error LNK2019: unresolved external symbol "__declspec(dllimport) public: bool __cdecl sf::Font::loadFromFile(class std::basic_string<char,struct std::char_traits<char>,class std::allocator<char> > const &)" (__imp_?loadFromFile@Font@sf@@QEAA_NAEBV?$basic_string@DU?$char_traits@D@std@@V?$allocator@D@2@@std@@@Z) referenced in function "private: void __cdecl Game::initWindow(void)" (?initWindow@Game@@AEAAXXZ)
Game.obj : error LNK2019: unresolved external symbol "__declspec(dllimport) public: __cdecl sf::RectangleShape::RectangleShape(class sf::Vector2<float> const &)" (__imp_??0RectangleShape@sf@@QEAA@AEBV?$Vector2@M@1@@Z) referenced in function "public: __cdecl Game::Game(void)" (??0Game@@QEAA@XZ)
Game.obj : error LNK2019: unresolved external symbol "__declspec(dllimport) public: void __cdecl sf::RectangleShape::setSize(class sf::Vector2<float> const &)" (__imp_?setSize@RectangleShape@sf@@QEAAXAEBV?$Vector2@M@2@@Z) referenced in function "private: void __cdecl Game::initWindow(void)" (?initWindow@Game@@AEAAXXZ)
Game.obj : error LNK2019: unresolved external symbol "__declspec(dllimport) public: class sf::Vector2<float> const & __cdecl sf::RectangleShape::getSize(void)const " (__imp_?getSize@RectangleShape@sf@@QEBAAEBV?$Vector2@M@2@XZ) referenced in function "private: void __cdecl Game::initWindow(void)" (?initWindow@Game@@AEAAXXZ)
Game.obj : error LNK2019: unresolved external symbol "__declspec(dllimport) public: virtual __cdecl sf::RectangleShape::~RectangleShape(void)" (__imp_??1RectangleShape@sf@@UEAA@XZ) referenced in function "int `public: __cdecl Game::Game(void)'::`1'::dtor$0" (?dtor$0@?0???0Game@@QEAA@XZ@4HA)
Game.obj : error LNK2019: unresolved external symbol "__declspec(dllimport) public: void __cdecl sf::RenderTarget::clear(class sf::Color const &)" (__imp_?clear@RenderTarget@sf@@QEAAXAEBVColor@2@@Z) referenced in function "public: void __cdecl Game::render(void)" (?render@Game@@QEAAXXZ)
Game.obj : error LNK2019: unresolved external symbol "__declspec(dllimport) public: void __cdecl sf::RenderTarget::draw(class sf::Drawable const &,class sf::RenderStates const &)" (__imp_?draw@RenderTarget@sf@@QEAAXAEBVDrawable@2@AEBVRenderStates@2@@Z) referenced in function "public: void __cdecl Game::render(void)" (?render@Game@@QEAAXXZ)
Game.obj : error LNK2019: unresolved external symbol "__declspec(dllimport) public: __cdecl sf::RenderWindow::RenderWindow(class sf::VideoMode,class sf::String const &,unsigned int,struct sf::ContextSettings const &)" (__imp_??0RenderWindow@sf@@QEAA@VVideoMode@1@AEBVString@1@IAEBUContextSettings@1@@Z) referenced in function "private: void __cdecl Game::initWindow(void)" (?initWindow@Game@@AEAAXXZ)
Game.obj : error LNK2019: unresolved external symbol "__declspec(dllimport) public: virtual __cdecl sf::RenderWindow::~RenderWindow(void)" (__imp_??1RenderWindow@sf@@UEAA@XZ) referenced in function "public: virtual void * __cdecl sf::RenderWindow::`scalar deleting destructor'(unsigned int)" (??_GRenderWindow@sf@@UEAAPEAXI@Z)
Game.obj : error LNK2019: unresolved external symbol "__declspec(dllimport) public: __cdecl sf::Text::Text(void)" (__imp_??0Text@sf@@QEAA@XZ) referenced in function "public: __cdecl Game::Game(void)" (??0Game@@QEAA@XZ)
Game.obj : error LNK2019: unresolved external symbol "__declspec(dllimport) public: void __cdecl sf::Text::setString(class sf::String const &)" (__imp_?setString@Text@sf@@QEAAXAEBVString@2@@Z) referenced in function "private: void __cdecl Game::initWindow(void)" (?initWindow@Game@@AEAAXXZ)
Game.obj : error LNK2019: unresolved external symbol "__declspec(dllimport) public: void __cdecl sf::Text::setFont(class sf::Font const &)" (__imp_?setFont@Text@sf@@QEAAXAEBVFont@2@@Z) referenced in function "private: void __cdecl Game::initWindow(void)" (?initWindow@Game@@AEAAXXZ)
Game.obj : error LNK2019: unresolved external symbol "__declspec(dllimport) public: void __cdecl sf::Text::setCharacterSize(unsigned int)" (__imp_?setCharacterSize@Text@sf@@QEAAXI@Z) referenced in function "private: void __cdecl Game::initWindow(void)" (?initWindow@Game@@AEAAXXZ)
Game.obj : error LNK2019: unresolved external symbol "__declspec(dllimport) public: void __cdecl sf::Text::setStyle(unsigned int)" (__imp_?setStyle@Text@sf@@QEAAXI@Z) referenced in function "private: void __cdecl Game::initWindow(void)" (?initWindow@Game@@AEAAXXZ)
Game.obj : error LNK2019: unresolved external symbol "__declspec(dllimport) public: void __cdecl sf::Text::setFillColor(class sf::Color const &)" (__imp_?setFillColor@Text@sf@@QEAAXAEBVColor@2@@Z) referenced in function "private: void __cdecl Game::initWindow(void)" (?initWindow@Game@@AEAAXXZ)
Game.obj : error LNK2019: unresolved external symbol "__declspec(dllimport) public: virtual __cdecl sf::Text::~Text(void)" (__imp_??1Text@sf@@UEAA@XZ) referenced in function "int `public: __cdecl Game::Game(void)'::`1'::dtor$3" (?dtor$3@?0???0Game@@QEAA@XZ@4HA)
Game.obj : error LNK2001: unresolved external symbol "public: virtual void __cdecl sf::Window::create(struct HWND__ *,struct sf::ContextSettings const &)" (?create@Window@sf@@UEAAXPEAUHWND__@@AEBUContextSettings@2@@Z)
Game.obj : error LNK2001: unresolved external symbol "public: virtual void __cdecl sf::Window::create(struct HWND__ *)" (?create@Window@sf@@UEAAXPEAUHWND__@@@Z)
Game.obj : error LNK2001: unresolved external symbol "public: virtual void __cdecl sf::Window::create(class sf::VideoMode,class sf::String const &,unsigned int,struct sf::ContextSettings const &)" (?create@Window@sf@@UEAAXVVideoMode@2@AEBVString@2@IAEBUContextSettings@2@@Z)
Game.obj : error LNK2001: unresolved external symbol "public: virtual void __cdecl sf::Window::create(class sf::VideoMode,class sf::String const &,unsigned int)" (?create@Window@sf@@UEAAXVVideoMode@2@AEBVString@2@I@Z)
Game.obj : error LNK2001: unresolved external symbol "public: virtual void __cdecl sf::Window::close(void)" (?close@Window@sf@@UEAAXXZ)
Game.obj : error LNK2001: unresolved external symbol "public: virtual class sf::Vector2<unsigned int> __cdecl sf::RenderWindow::getSize(void)const " (?getSize@RenderWindow@sf@@UEBA?AV?$Vector2@I@2@XZ)
Game.obj : error LNK2001: unresolved external symbol "public: virtual bool __cdecl sf::RenderWindow::isSrgb(void)const " (?isSrgb@RenderWindow@sf@@UEBA_NXZ)
Game.obj : error LNK2001: unresolved external symbol "public: virtual bool __cdecl sf::RenderWindow::setActive(bool)" (?setActive@RenderWindow@sf@@UEAA_N_N@Z)
Game.obj : error LNK2001: unresolved external symbol "protected: virtual void __cdecl sf::RenderWindow::onCreate(void)" (?onCreate@RenderWindow@sf@@MEAAXXZ)
Game.obj : error LNK2001: unresolved external symbol "protected: virtual void __cdecl sf::RenderWindow::onResize(void)" (?onResize@RenderWindow@sf@@MEAAXXZ)
Game.obj : error LNK2019: unresolved external symbol "__declspec(dllimport) public: static class sf::RenderStates const sf::RenderStates::Default" (__imp_?Default@RenderStates@sf@@2V12@B) referenced in function "public: void __cdecl Game::render(void)" (?render@Game@@QEAAXXZ)
Game.obj : error LNK2019: unresolved external symbol "__declspec(dllimport) public: static class sf::Color const sf::Color::White" (__imp_?White@Color@sf@@2V12@B) referenced in function "private: void __cdecl Game::initWindow(void)" (?initWindow@Game@@AEAAXXZ)
C:\Митя\Art\Programming\Projects\Study\Ping Pong SFML\External\SFML\lib\sfml-graphics-d.lib : warning LNK4272: library machine type 'x86' conflicts with target machine type 'x64'
C:\Митя\Art\Programming\Projects\Study\Ping Pong SFML\External\SFML\lib\sfml-window-d.lib : warning LNK4272: library machine type 'x86' conflicts with target machine type 'x64'
C:\Митя\Art\Programming\Projects\Study\Ping Pong SFML\External\SFML\lib\sfml-audio-d.lib : warning LNK4272: library machine type 'x86' conflicts with target machine type 'x64'
C:\Митя\Art\Programming\Projects\Study\Ping Pong SFML\External\SFML\lib\sfml-network-d.lib : warning LNK4272: library machine type 'x86' conflicts with target machine type 'x64'
C:\Митя\Art\Programming\Projects\Study\Ping Pong SFML\External\SFML\lib\sfml-system-d.lib : warning LNK4272: library machine type 'x86' conflicts with target machine type 'x64'
C:\Митя\Art\Programming\Projects\Study\Ping Pong SFML\x64\Debug\Ping Pong SFML.exe : fatal error LNK1120: 48 unresolved externals
